2020-02-08 23:44:19 INFO  restartedMain com.arnold.febs.MybatisPlusApplication Starting MybatisPlusApplication on Arnold-pc with PID 13268 (D:\workspace181218\Demo\MY-FEBS\target\classes started by Arnold in D:\workspace181218\Demo\MY-FEBS)
2020-02-08 23:44:19 INFO  restartedMain com.arnold.febs.MybatisPlusApplication The following profiles are active: dev
2020-02-08 23:44:19 INFO  restartedMain org.springframework.boot.devtools.env.DevToolsPropertyDefaultsPostProcessor Devtools property defaults active! Set 'spring.devtools.add-properties' to 'false' to disable
2020-02-08 23:44:19 INFO  restartedMain org.springframework.boot.devtools.env.DevToolsPropertyDefaultsPostProcessor For additional web related logging consider setting the 'logging.level.web' property to 'DEBUG'
2020-02-08 23:44:22 INFO  restartedMain org.springframework.data.repository.config.RepositoryConfigurationDelegate Multiple Spring Data modules found, entering strict repository configuration mode!
2020-02-08 23:44:22 INFO  restartedMain org.springframework.data.repository.config.RepositoryConfigurationDelegate Bootstrapping Spring Data repositories in DEFAULT mode.
2020-02-08 23:44:22 INFO  restartedMain org.springframework.data.repository.config.RepositoryConfigurationDelegate Finished Spring Data repository scanning in 56ms. Found 0 repository interfaces.
2020-02-08 23:44:23 INFO  restartedMain org.springframework.context.support.PostProcessorRegistrationDelegate$BeanPostProcessorChecker Bean 'spring.datasource.dynamic-com.baomidou.dynamic.datasource.spring.boot.autoconfigure.DynamicDataSourceProperties' of type [com.baomidou.dynamic.datasource.spring.boot.autoconfigure.DynamicDataSourceProperties] is not eligible for getting processed by all BeanPostProcessors (for example: not eligible for auto-proxying)
2020-02-08 23:44:23 INFO  restartedMain org.springframework.context.support.PostProcessorRegistrationDelegate$BeanPostProcessorChecker Bean 'com.baomidou.dynamic.datasource.spring.boot.autoconfigure.DynamicDataSourceAutoConfiguration' of type [com.baomidou.dynamic.datasource.spring.boot.autoconfigure.DynamicDataSourceAutoConfiguration$$EnhancerBySpringCGLIB$$5a50badf] is not eligible for getting processed by all BeanPostProcessors (for example: not eligible for auto-proxying)
2020-02-08 23:44:23 INFO  restartedMain org.springframework.context.support.PostProcessorRegistrationDelegate$BeanPostProcessorChecker Bean 'dsProcessor' of type [com.baomidou.dynamic.datasource.processor.DsHeaderProcessor] is not eligible for getting processed by all BeanPostProcessors (for example: not eligible for auto-proxying)
2020-02-08 23:44:23 INFO  restartedMain org.springframework.context.support.PostProcessorRegistrationDelegate$BeanPostProcessorChecker Bean 'dynamicDatasourceAnnotationAdvisor' of type [com.baomidou.dynamic.datasource.aop.DynamicDataSourceAnnotationAdvisor] is not eligible for getting processed by all BeanPostProcessors (for example: not eligible for auto-proxying)
2020-02-08 23:44:23 INFO  restartedMain org.springframework.context.support.PostProcessorRegistrationDelegate$BeanPostProcessorChecker Bean 'org.springframework.transaction.annotation.ProxyTransactionManagementConfiguration' of type [org.springframework.transaction.annotation.ProxyTransactionManagementConfiguration] is not eligible for getting processed by all BeanPostProcessors (for example: not eligible for auto-proxying)
2020-02-08 23:44:24 INFO  restartedMain org.springframework.boot.web.embedded.tomcat.TomcatWebServer Tomcat initialized with port(s): 8088 (http)
2020-02-08 23:44:24 INFO  restartedMain org.apache.coyote.http11.Http11NioProtocol Initializing ProtocolHandler ["http-nio-8088"]
2020-02-08 23:44:24 INFO  restartedMain org.apache.catalina.core.StandardService Starting service [Tomcat]
2020-02-08 23:44:24 INFO  restartedMain org.apache.catalina.core.StandardEngine Starting Servlet engine: [Apache Tomcat/9.0.27]
2020-02-08 23:44:24 INFO  restartedMain org.apache.catalina.core.ContainerBase.[Tomcat].[localhost].[/] Initializing Spring embedded WebApplicationContext
2020-02-08 23:44:24 INFO  restartedMain org.springframework.web.context.ContextLoader Root WebApplicationContext: initialization completed in 5381 ms
2020-02-08 23:44:25 INFO  restartedMain com.baomidou.dynamic.datasource.DynamicRoutingDataSource dynamic-datasource detect P6SPY plugin and enabled it
2020-02-08 23:44:25 INFO  restartedMain com.zaxxer.hikari.HikariDataSource base - Starting...
2020-02-08 23:44:25 INFO  restartedMain com.zaxxer.hikari.HikariDataSource base - Start completed.
2020-02-08 23:44:25 INFO  restartedMain com.baomidou.dynamic.datasource.DynamicRoutingDataSource dynamic-datasource - load a datasource named [base] success
2020-02-08 23:44:25 INFO  restartedMain com.baomidou.dynamic.datasource.DynamicRoutingDataSource dynamic-datasource initial loaded [1] datasource,primary datasource named [base]
2020-02-08 23:44:25 INFO  restartedMain org.springframework.boot.autoconfigure.h2.H2ConsoleAutoConfiguration H2 console available at '/h2-console'. Database available at 'jdbc:mysql://127.0.0.1:3306/febs_base?useUnicode=true&characterEncoding=UTF-8&useJDBCCompliantTimezoneShift=true&useLegacyDatetimeCode=false&serverTimezone=GMT%2b8'
2020-02-08 23:44:33 INFO  restartedMain org.springframework.scheduling.concurrent.ThreadPoolTaskExecutor Initializing ExecutorService 'applicationTaskExecutor'
2020-02-08 23:44:35 INFO  restartedMain org.springframework.boot.devtools.autoconfigure.OptionalLiveReloadServer LiveReload server is running on port 35729
2020-02-08 23:44:35 INFO  restartedMain org.springframework.boot.actuate.endpoint.web.EndpointLinksResolver Exposing 2 endpoint(s) beneath base path '/actuator'
2020-02-08 23:44:36 INFO  restartedMain org.apache.coyote.http11.Http11NioProtocol Starting ProtocolHandler ["http-nio-8088"]
2020-02-08 23:44:36 INFO  restartedMain org.springframework.boot.web.embedded.tomcat.TomcatWebServer Tomcat started on port(s): 8088 (http) with context path ''
2020-02-08 23:44:36 INFO  restartedMain com.arnold.febs.MybatisPlusApplication Started MybatisPlusApplication in 18.277 seconds (JVM running for 21.844)
2020-02-08 23:44:49 INFO  http-nio-8088-exec-1 org.apache.catalina.core.ContainerBase.[Tomcat].[localhost].[/] Initializing Spring DispatcherServlet 'dispatcherServlet'
2020-02-08 23:44:49 INFO  http-nio-8088-exec-1 org.springframework.web.servlet.DispatcherServlet Initializing Servlet 'dispatcherServlet'
2020-02-08 23:44:49 INFO  http-nio-8088-exec-1 org.springframework.web.servlet.DispatcherServlet Completed initialization in 23 ms
